2026-07-15 07:40:44,073 | INFO | project_manager | Project state updated: project_id=raven_1784101241292 stage=input_normalizer
2026-07-15 07:40:44,151 | INFO | project_manager | Project state updated: project_id=raven_1784101241292 stage=preprocessor
2026-07-15 07:40:44,152 | INFO | project_manager | Project state updated: project_id=raven_1784101241292 stage=transcript_agent
2026-07-15 07:40:44,280 | INFO | project_manager | Project state updated: project_id=raven_1784101241292 stage=scene_agent
2026-07-15 07:40:45,927 | INFO | project_manager | Project state updated: project_id=raven_1784101241292 stage=speech_agent
2026-07-15 07:40:45,930 | INFO | project_manager | Project state updated: project_id=raven_1784101241292 stage=keyword_agent
2026-07-15 07:40:45,933 | INFO | project_manager | Project state updated: project_id=raven_1784101241292 stage=clip_finder_agent
2026-07-15 07:40:45,949 | INFO | project_manager | Project state updated: project_id=raven_1784101241292 stage=director_agent
2026-07-15 07:40:45,953 | INFO | project_manager | Project state updated: project_id=raven_1784101241292 stage=caption_agent
2026-07-15 07:40:45,957 | INFO | project_manager | Project state updated: project_id=raven_1784101241292 stage=metadata_agent
2026-07-15 07:40:45,961 | INFO | project_manager | Project state updated: project_id=raven_1784101241292 stage=timeline_agent
2026-07-15 07:40:55,936 | INFO | project_manager | Project state updated: project_id=raven_1784101241292 stage=export_agent
2026-07-15 07:40:59,206 | INFO | project_manager | Project state updated: project_id=raven_1784101241292 stage=quality_agent
2026-07-15 07:40:59,211 | INFO | project_manager | Project logs consolidated: /home/user/raven/projects/raven_1784101241292/logs/summary.log
2026-07-15 07:46:21,741 | INFO | project_manager | Project state updated: project_id=raven_1784101578479 stage=input_normalizer
2026-07-15 07:46:21,819 | INFO | project_manager | Project state updated: project_id=raven_1784101578479 stage=preprocessor
2026-07-15 07:46:21,820 | INFO | project_manager | Project state updated: project_id=raven_1784101578479 stage=transcript_agent
2026-07-15 07:46:21,905 | INFO | project_manager | Project state updated: project_id=raven_1784101578479 stage=scene_agent
2026-07-15 07:46:23,364 | INFO | project_manager | Project state updated: project_id=raven_1784101578479 stage=speech_agent
2026-07-15 07:46:23,368 | INFO | project_manager | Project state updated: project_id=raven_1784101578479 stage=keyword_agent
2026-07-15 07:46:23,371 | INFO | project_manager | Project state updated: project_id=raven_1784101578479 stage=clip_finder_agent
2026-07-15 07:46:23,385 | INFO | project_manager | Project state updated: project_id=raven_1784101578479 stage=director_agent
2026-07-15 07:46:23,388 | INFO | project_manager | Project state updated: project_id=raven_1784101578479 stage=caption_agent
2026-07-15 07:46:23,392 | INFO | project_manager | Project state updated: project_id=raven_1784101578479 stage=metadata_agent
2026-07-15 07:46:23,395 | INFO | project_manager | Project state updated: project_id=raven_1784101578479 stage=timeline_agent
2026-07-15 07:46:32,072 | INFO | project_manager | Project state updated: project_id=raven_1784101578479 stage=export_agent
2026-07-15 07:46:34,669 | INFO | project_manager | Project state updated: project_id=raven_1784101578479 stage=quality_agent
2026-07-15 07:46:34,674 | INFO | project_manager | Project logs consolidated: /home/user/raven/projects/raven_1784101578479/logs/summary.log
2026-07-15 07:46:39,446 | INFO | project_manager | Project state updated: project_id=raven_1784101599433 stage=input_normalizer
2026-07-15 07:46:39,525 | INFO | project_manager | Project state updated: project_id=raven_1784101599433 stage=preprocessor
2026-07-15 07:46:39,532 | INFO | project_manager | Project logs consolidated: /home/user/raven/projects/raven_1784101599433/logs/summary.log
2026-07-15 07:47:01,155 | INFO | project_manager | Project state updated: project_id=raven_1784101621142 stage=input_normalizer
2026-07-15 07:47:01,233 | INFO | project_manager | Project state updated: project_id=raven_1784101621142 stage=preprocessor
2026-07-15 07:47:01,240 | INFO | project_manager | Project logs consolidated: /home/user/raven/projects/raven_1784101621142/logs/summary.log
2026-07-15 14:01:29,489 | INFO | project_manager | Project state updated: project_id=raven_1784104068596 stage=input_normalizer
2026-07-15 14:01:36,384 | INFO | project_manager | Project state updated: project_id=raven_1784104068596 stage=preprocessor
2026-07-15 14:01:36,587 | INFO | project_manager | Project state updated: project_id=raven_1784104068596 stage=transcript_agent
2026-07-15 17:31:22,696 | INFO | project_manager | Project state updated: project_id=raven_1784116882183 stage=input_normalizer
2026-07-15 17:31:23,252 | INFO | project_manager | Project state updated: project_id=raven_1784116882183 stage=preprocessor
2026-07-15 18:08:42,078 | INFO | project_manager | Project state updated: project_id=raven_1784119100049 stage=input_normalizer
2026-07-15 18:08:43,019 | INFO | project_manager | Project state updated: project_id=raven_1784119100049 stage=preprocessor
2026-07-15 18:19:05,989 | INFO | project_manager | Project logs consolidated: D:\ThinkNext Practice\2026-latest-project\Project Raven\raven\projects\raven_1784119100049\logs\summary.log
2026-07-15 23:27:50,580 | INFO | project_manager | Project state updated: project_id=raven_1784138270030 stage=input_normalizer
2026-07-15 23:27:52,104 | INFO | project_manager | Project state updated: project_id=raven_1784138270030 stage=preprocessor
2026-07-15 23:32:59,408 | INFO | project_manager | Project state updated: project_id=raven_1784138270030 stage=transcript_agent
2026-07-15 23:54:48,057 | INFO | project_manager | Project state updated: project_id=raven_1784138270030 stage=scene_agent
2026-07-15 23:55:15,104 | INFO | project_manager | Project state updated: project_id=raven_1784138270030 stage=speech_agent
2026-07-15 23:55:15,116 | INFO | project_manager | Project state updated: project_id=raven_1784138270030 stage=keyword_agent
2026-07-15 23:55:15,133 | INFO | project_manager | Project state updated: project_id=raven_1784138270030 stage=clip_finder_agent
2026-07-15 23:55:21,721 | INFO | project_manager | Project state updated: project_id=raven_1784138270030 stage=director_agent
2026-07-15 23:55:21,737 | INFO | project_manager | Project state updated: project_id=raven_1784138270030 stage=caption_agent
2026-07-15 23:55:28,092 | INFO | project_manager | Project state updated: project_id=raven_1784138270030 stage=metadata_agent
2026-07-15 23:55:28,110 | INFO | project_manager | Project state updated: project_id=raven_1784138270030 stage=timeline_agent
2026-07-15 23:55:28,372 | INFO | project_manager | Project logs consolidated: D:\ThinkNext Practice\2026-latest-project\Project Raven\raven\projects\raven_1784138270030\logs\summary.log
2026-07-15 23:58:15,205 | INFO | project_manager | Project state updated: project_id=raven_1784140094851 stage=input_normalizer
2026-07-15 23:58:16,051 | INFO | project_manager | Project state updated: project_id=raven_1784140094851 stage=preprocessor
2026-07-16 00:01:49,479 | INFO | project_manager | Project state updated: project_id=raven_1784140094851 stage=transcript_agent
